{"uuid":"0f4f7153-d511-4130-b4d8-1ee46ac66ea8","historyId":"9f99257c779f7fe9cd3b83485742adf","testCaseId":"ecdcc0779a5e7cdf53ea482600c77779","fullName":"src/test/java/com/demo/resources/Feature/Demo.feature:25","labels":[{"name":"tag","value":"CreateProfile"},{"name":"host","value":"Rockerfeller"},{"name":"thread","value":"3556@Rockerfeller.main(1)"},{"name":"feature","value":"User Profile Creation"},{"name":"story","value":"Create user profile with different data combinations"},{"name":"suite","value":"User Profile Creation"},{"name":"testClass","value":"Create user profile with different data combinations"},{"name":"framework","value":"cucumber4jvm"},{"name":"language","value":"java"},{"name":"gherkin_uri","value":"file:///C:/Users/tumel/Documents/demo/src/test/java/com/demo/resources/Feature/Demo.feature"},{"name":"package","value":"src.test.java.com.demo.resources.Feature.Demo_feature.User Profile Creation"}],"links":[],"name":"Create user profile with different data combinations","status":"broken","statusDetails":{"known":false,"muted":false,"flaky":false,"message":"Expected condition failed: waiting for visibility of all [[[[[[[ChromeDriver: chrome on windows (c4e9664bb6f738394b47e4d0efa03c2b)] -> xpath: //table[contains(@class,'table')]]] -> xpath: .//tr[contains(.,'johndoe5139')]]] -> xpath: .//td[not(contains(@style,'none'))]], [[[[[[ChromeDriver: chrome on windows (c4e9664bb6f738394b47e4d0efa03c2b)] -> xpath: //table[contains(@class,'table')]]] -> xpath: .//tr[contains(.,'johndoe5139')]]] -> xpath: .//td[not(contains(@style,'none'))]], [[[[[[ChromeDriver: chrome on windows (c4e9664bb6f738394b47e4d0efa03c2b)] -> xpath: //table[contains(@class,'table')]]] -> xpath: .//tr[contains(.,'johndoe5139')]]] -> xpath: .//td[not(contains(@style,'none'))]], [[[[[[ChromeDriver: chrome on windows (c4e9664bb6f738394b47e4d0efa03c2b)] -> xpath: //table[contains(@class,'table')]]] -> xpath: .//tr[contains(.,'johndoe5139')]]] -> xpath: .//td[not(contains(@style,'none'))]], [[[[[[ChromeDriver: chrome on windows (c4e9664bb6f738394b47e4d0efa03c2b)] -> xpath: //table[contains(@class,'table')]]] -> xpath: .//tr[contains(.,'johndoe5139')]]] -> xpath: .//td[not(contains(@style,'none'))]], [[[[[[ChromeDriver: chrome on windows (c4e9664bb6f738394b47e4d0efa03c2b)] -> xpath: //table[contains(@class,'table')]]] -> xpath: .//tr[contains(.,'johndoe5139')]]] -> xpath: .//td[not(contains(@style,'none'))]], [[[[[[ChromeDriver: chrome on windows (c4e9664bb6f738394b47e4d0efa03c2b)] -> xpath: //table[contains(@class,'table')]]] -> xpath: .//tr[contains(.,'johndoe5139')]]] -> xpath: .//td[not(contains(@style,'none'))]], [[[[[[ChromeDriver: chrome on windows (c4e9664bb6f738394b47e4d0efa03c2b)] -> xpath: //table[contains(@class,'table')]]] -> xpath: .//tr[contains(.,'johndoe5139')]]] -> xpath: .//td[not(contains(@style,'none'))]], [[[[[[ChromeDriver: chrome on windows (c4e9664bb6f738394b47e4d0efa03c2b)] -> xpath: //table[contains(@class,'table')]]] -> xpath: .//tr[contains(.,'johndoe5139')]]] -> xpath: .//td[not(contains(@style,'none'))]], [[[[[[ChromeDriver: chrome on windows (c4e9664bb6f738394b47e4d0efa03c2b)] -> xpath: //table[contains(@class,'table')]]] -> xpath: .//tr[contains(.,'johndoe5139')]]] -> xpath: .//td[not(contains(@style,'none'))]], [[[[[[ChromeDriver: chrome on windows (c4e9664bb6f738394b47e4d0efa03c2b)] -> xpath: //table[contains(@class,'table')]]] -> xpath: .//tr[contains(.,'johndoe5139')]]] -> xpath: .//td[not(contains(@style,'none'))]]] (tried for 15 second(s) with 500 milliseconds interval)\nBuild info: version: '4.29.0', revision: '5fc1ec94cb'\nSystem info: os.name: 'Windows 11', os.arch: 'amd64', os.version: '10.0', java.version: '23.0.2'\nDriver info: org.openqa.selenium.chrome.ChromeDriver\nCapabilities {acceptInsecureCerts: false, browserName: chrome, browserVersion: 134.0.6998.165, chrome: {chromedriverVersion: 134.0.6998.165 (fd886e2cb29..., userDataDir: C:\\Users\\tumel\\AppData\\Loca...}, fedcm:accounts: true, goog:chromeOptions: {debuggerAddress: localhost:51997}, networkConnectionEnabled: false, pageLoadStrategy: normal, platformName: windows, proxy: Proxy(), se:cdp: ws://localhost:51997/devtoo..., se:cdpVersion: 134.0.6998.165, setWindowRect: true, strictFileInteractability: false, timeouts: {implicit: 0, pageLoad: 300000, script: 30000}, unhandledPromptBehavior: dismiss and notify, webauthn:extension:credBlob: true, webauthn:extension:largeBlob: true, webauthn:extension:minPinLength: true, webauthn:extension:prf: true, webauthn:virtualAuthenticators: true}\nSession ID: c4e9664bb6f738394b47e4d0efa03c2b","trace":"org.openqa.selenium.TimeoutException: Expected condition failed: waiting for visibility of all [[[[[[[ChromeDriver: chrome on windows (c4e9664bb6f738394b47e4d0efa03c2b)] -> xpath: //table[contains(@class,'table')]]] -> xpath: .//tr[contains(.,'johndoe5139')]]] -> xpath: .//td[not(contains(@style,'none'))]], [[[[[[ChromeDriver: chrome on windows (c4e9664bb6f738394b47e4d0efa03c2b)] -> xpath: //table[contains(@class,'table')]]] -> xpath: .//tr[contains(.,'johndoe5139')]]] -> xpath: .//td[not(contains(@style,'none'))]], [[[[[[ChromeDriver: chrome on windows (c4e9664bb6f738394b47e4d0efa03c2b)] -> xpath: //table[contains(@class,'table')]]] -> xpath: .//tr[contains(.,'johndoe5139')]]] -> xpath: .//td[not(contains(@style,'none'))]], [[[[[[ChromeDriver: chrome on windows (c4e9664bb6f738394b47e4d0efa03c2b)] -> xpath: //table[contains(@class,'table')]]] -> xpath: .//tr[contains(.,'johndoe5139')]]] -> xpath: .//td[not(contains(@style,'none'))]], [[[[[[ChromeDriver: chrome on windows (c4e9664bb6f738394b47e4d0efa03c2b)] -> xpath: //table[contains(@class,'table')]]] -> xpath: .//tr[contains(.,'johndoe5139')]]] -> xpath: .//td[not(contains(@style,'none'))]], [[[[[[ChromeDriver: chrome on windows (c4e9664bb6f738394b47e4d0efa03c2b)] -> xpath: //table[contains(@class,'table')]]] -> xpath: .//tr[contains(.,'johndoe5139')]]] -> xpath: .//td[not(contains(@style,'none'))]], [[[[[[ChromeDriver: chrome on windows (c4e9664bb6f738394b47e4d0efa03c2b)] -> xpath: //table[contains(@class,'table')]]] -> xpath: .//tr[contains(.,'johndoe5139')]]] -> xpath: .//td[not(contains(@style,'none'))]], [[[[[[ChromeDriver: chrome on windows (c4e9664bb6f738394b47e4d0efa03c2b)] -> xpath: //table[contains(@class,'table')]]] -> xpath: .//tr[contains(.,'johndoe5139')]]] -> xpath: .//td[not(contains(@style,'none'))]], [[[[[[ChromeDriver: chrome on windows (c4e9664bb6f738394b47e4d0efa03c2b)] -> xpath: //table[contains(@class,'table')]]] -> xpath: .//tr[contains(.,'johndoe5139')]]] -> xpath: .//td[not(contains(@style,'none'))]], [[[[[[ChromeDriver: chrome on windows (c4e9664bb6f738394b47e4d0efa03c2b)] -> xpath: //table[contains(@class,'table')]]] -> xpath: .//tr[contains(.,'johndoe5139')]]] -> xpath: .//td[not(contains(@style,'none'))]], [[[[[[ChromeDriver: chrome on windows (c4e9664bb6f738394b47e4d0efa03c2b)] -> xpath: //table[contains(@class,'table')]]] -> xpath: .//tr[contains(.,'johndoe5139')]]] -> xpath: .//td[not(contains(@style,'none'))]]] (tried for 15 second(s) with 500 milliseconds interval)\nBuild info: version: '4.29.0', revision: '5fc1ec94cb'\nSystem info: os.name: 'Windows 11', os.arch: 'amd64', os.version: '10.0', java.version: '23.0.2'\nDriver info: org.openqa.selenium.chrome.ChromeDriver\nCapabilities {acceptInsecureCerts: false, browserName: chrome, browserVersion: 134.0.6998.165, chrome: {chromedriverVersion: 134.0.6998.165 (fd886e2cb29..., userDataDir: C:\\Users\\tumel\\AppData\\Loca...}, fedcm:accounts: true, goog:chromeOptions: {debuggerAddress: localhost:51997}, networkConnectionEnabled: false, pageLoadStrategy: normal, platformName: windows, proxy: Proxy(), se:cdp: ws://localhost:51997/devtoo..., se:cdpVersion: 134.0.6998.165, setWindowRect: true, strictFileInteractability: false, timeouts: {implicit: 0, pageLoad: 300000, script: 30000}, unhandledPromptBehavior: dismiss and notify, webauthn:extension:credBlob: true, webauthn:extension:largeBlob: true, webauthn:extension:minPinLength: true, webauthn:extension:prf: true, webauthn:virtualAuthenticators: true}\nSession ID: c4e9664bb6f738394b47e4d0efa03c2b\r\n\tat org.openqa.selenium.support.ui.WebDriverWait.timeoutException(WebDriverWait.java:84)\r\n\tat org.openqa.selenium.support.ui.FluentWait.until(FluentWait.java:228)\r\n\tat com.demo.java.StepDefinition.DemoSteps.validate_the_entered_data_appears_correctly_in_the_table(DemoSteps.java:188)\r\n\tat ✽.Validate the entered data appears correctly in the table(file:///C:/Users/tumel/Documents/demo/src/test/java/com/demo/resources/Feature/Demo.feature:19)\r\n"},"stage":"finished","steps":[{"name":"Given User launches \"chrome\" browser","status":"passed","statusDetails":{"known":false,"muted":false,"flaky":false},"stage":"finished","steps":[],"attachments":[],"parameters":[],"start":1743170169205,"stop":1743170171137},{"name":"When User opens URL \"http://www.way2automation.com/angularjs-protractor/webtables/\"","status":"passed","statusDetails":{"known":false,"muted":false,"flaky":false},"stage":"finished","steps":[],"attachments":[{"name":"Landing Page","source":"dcce3bd8-a19f-4661-bbc3-f31b264c6f3e-attachment"}],"parameters":[],"start":1743170171139,"stop":1743170194541},{"name":"And User clicks on the Add user button","status":"passed","statusDetails":{"known":false,"muted":false,"flaky":false},"stage":"finished","steps":[],"attachments":[],"parameters":[],"start":1743170194541,"stop":1743170194765},{"name":"And User enters profile details:","status":"passed","statusDetails":{"known":false,"muted":false,"flaky":false},"stage":"finished","steps":[],"attachments":[{"name":"Data table","source":"57e53d02-8c8c-4d86-8365-9857903e576e-attachment.csv","type":"text/tab-separated-values"}],"parameters":[],"start":1743170194765,"stop":1743170196197},{"name":"And User selects \"Company AAA\" as company","status":"passed","statusDetails":{"known":false,"muted":false,"flaky":false},"stage":"finished","steps":[],"attachments":[],"parameters":[],"start":1743170196197,"stop":1743170196364},{"name":"And User selects \"Customer\" as role","status":"passed","statusDetails":{"known":false,"muted":false,"flaky":false},"stage":"finished","steps":[],"attachments":[],"parameters":[],"start":1743170196364,"stop":1743170196613},{"name":"And Click the save button","status":"passed","statusDetails":{"known":false,"muted":false,"flaky":false},"stage":"finished","steps":[],"attachments":[],"parameters":[],"start":1743170196614,"stop":1743170196748},{"name":"And Validate the entered data appears correctly in the table","status":"broken","statusDetails":{"known":false,"muted":false,"flaky":false,"message":"Expected condition failed: waiting for visibility of all [[[[[[[ChromeDriver: chrome on windows (c4e9664bb6f738394b47e4d0efa03c2b)] -> xpath: //table[contains(@class,'table')]]] -> xpath: .//tr[contains(.,'johndoe5139')]]] -> xpath: .//td[not(contains(@style,'none'))]], [[[[[[ChromeDriver: chrome on windows (c4e9664bb6f738394b47e4d0efa03c2b)] -> xpath: //table[contains(@class,'table')]]] -> xpath: .//tr[contains(.,'johndoe5139')]]] -> xpath: .//td[not(contains(@style,'none'))]], [[[[[[ChromeDriver: chrome on windows (c4e9664bb6f738394b47e4d0efa03c2b)] -> xpath: //table[contains(@class,'table')]]] -> xpath: .//tr[contains(.,'johndoe5139')]]] -> xpath: .//td[not(contains(@style,'none'))]], [[[[[[ChromeDriver: chrome on windows (c4e9664bb6f738394b47e4d0efa03c2b)] -> xpath: //table[contains(@class,'table')]]] -> xpath: .//tr[contains(.,'johndoe5139')]]] -> xpath: .//td[not(contains(@style,'none'))]], [[[[[[ChromeDriver: chrome on windows (c4e9664bb6f738394b47e4d0efa03c2b)] -> xpath: //table[contains(@class,'table')]]] -> xpath: .//tr[contains(.,'johndoe5139')]]] -> xpath: .//td[not(contains(@style,'none'))]], [[[[[[ChromeDriver: chrome on windows (c4e9664bb6f738394b47e4d0efa03c2b)] -> xpath: //table[contains(@class,'table')]]] -> xpath: .//tr[contains(.,'johndoe5139')]]] -> xpath: .//td[not(contains(@style,'none'))]], [[[[[[ChromeDriver: chrome on windows (c4e9664bb6f738394b47e4d0efa03c2b)] -> xpath: //table[contains(@class,'table')]]] -> xpath: .//tr[contains(.,'johndoe5139')]]] -> xpath: .//td[not(contains(@style,'none'))]], [[[[[[ChromeDriver: chrome on windows (c4e9664bb6f738394b47e4d0efa03c2b)] -> xpath: //table[contains(@class,'table')]]] -> xpath: .//tr[contains(.,'johndoe5139')]]] -> xpath: .//td[not(contains(@style,'none'))]], [[[[[[ChromeDriver: chrome on windows (c4e9664bb6f738394b47e4d0efa03c2b)] -> xpath: //table[contains(@class,'table')]]] -> xpath: .//tr[contains(.,'johndoe5139')]]] -> xpath: .//td[not(contains(@style,'none'))]], [[[[[[ChromeDriver: chrome on windows (c4e9664bb6f738394b47e4d0efa03c2b)] -> xpath: //table[contains(@class,'table')]]] -> xpath: .//tr[contains(.,'johndoe5139')]]] -> xpath: .//td[not(contains(@style,'none'))]], [[[[[[ChromeDriver: chrome on windows (c4e9664bb6f738394b47e4d0efa03c2b)] -> xpath: //table[contains(@class,'table')]]] -> xpath: .//tr[contains(.,'johndoe5139')]]] -> xpath: .//td[not(contains(@style,'none'))]]] (tried for 15 second(s) with 500 milliseconds interval)\nBuild info: version: '4.29.0', revision: '5fc1ec94cb'\nSystem info: os.name: 'Windows 11', os.arch: 'amd64', os.version: '10.0', java.version: '23.0.2'\nDriver info: org.openqa.selenium.chrome.ChromeDriver\nCapabilities {acceptInsecureCerts: false, browserName: chrome, browserVersion: 134.0.6998.165, chrome: {chromedriverVersion: 134.0.6998.165 (fd886e2cb29..., userDataDir: C:\\Users\\tumel\\AppData\\Loca...}, fedcm:accounts: true, goog:chromeOptions: {debuggerAddress: localhost:51997}, networkConnectionEnabled: false, pageLoadStrategy: normal, platformName: windows, proxy: Proxy(), se:cdp: ws://localhost:51997/devtoo..., se:cdpVersion: 134.0.6998.165, setWindowRect: true, strictFileInteractability: false, timeouts: {implicit: 0, pageLoad: 300000, script: 30000}, unhandledPromptBehavior: dismiss and notify, webauthn:extension:credBlob: true, webauthn:extension:largeBlob: true, webauthn:extension:minPinLength: true, webauthn:extension:prf: true, webauthn:virtualAuthenticators: true}\nSession ID: c4e9664bb6f738394b47e4d0efa03c2b","trace":"org.openqa.selenium.TimeoutException: Expected condition failed: waiting for visibility of all [[[[[[[ChromeDriver: chrome on windows (c4e9664bb6f738394b47e4d0efa03c2b)] -> xpath: //table[contains(@class,'table')]]] -> xpath: .//tr[contains(.,'johndoe5139')]]] -> xpath: .//td[not(contains(@style,'none'))]], [[[[[[ChromeDriver: chrome on windows (c4e9664bb6f738394b47e4d0efa03c2b)] -> xpath: //table[contains(@class,'table')]]] -> xpath: .//tr[contains(.,'johndoe5139')]]] -> xpath: .//td[not(contains(@style,'none'))]], [[[[[[ChromeDriver: chrome on windows (c4e9664bb6f738394b47e4d0efa03c2b)] -> xpath: //table[contains(@class,'table')]]] -> xpath: .//tr[contains(.,'johndoe5139')]]] -> xpath: .//td[not(contains(@style,'none'))]], [[[[[[ChromeDriver: chrome on windows (c4e9664bb6f738394b47e4d0efa03c2b)] -> xpath: //table[contains(@class,'table')]]] -> xpath: .//tr[contains(.,'johndoe5139')]]] -> xpath: .//td[not(contains(@style,'none'))]], [[[[[[ChromeDriver: chrome on windows (c4e9664bb6f738394b47e4d0efa03c2b)] -> xpath: //table[contains(@class,'table')]]] -> xpath: .//tr[contains(.,'johndoe5139')]]] -> xpath: .//td[not(contains(@style,'none'))]], [[[[[[ChromeDriver: chrome on windows (c4e9664bb6f738394b47e4d0efa03c2b)] -> xpath: //table[contains(@class,'table')]]] -> xpath: .//tr[contains(.,'johndoe5139')]]] -> xpath: .//td[not(contains(@style,'none'))]], [[[[[[ChromeDriver: chrome on windows (c4e9664bb6f738394b47e4d0efa03c2b)] -> xpath: //table[contains(@class,'table')]]] -> xpath: .//tr[contains(.,'johndoe5139')]]] -> xpath: .//td[not(contains(@style,'none'))]], [[[[[[ChromeDriver: chrome on windows (c4e9664bb6f738394b47e4d0efa03c2b)] -> xpath: //table[contains(@class,'table')]]] -> xpath: .//tr[contains(.,'johndoe5139')]]] -> xpath: .//td[not(contains(@style,'none'))]], [[[[[[ChromeDriver: chrome on windows (c4e9664bb6f738394b47e4d0efa03c2b)] -> xpath: //table[contains(@class,'table')]]] -> xpath: .//tr[contains(.,'johndoe5139')]]] -> xpath: .//td[not(contains(@style,'none'))]], [[[[[[ChromeDriver: chrome on windows (c4e9664bb6f738394b47e4d0efa03c2b)] -> xpath: //table[contains(@class,'table')]]] -> xpath: .//tr[contains(.,'johndoe5139')]]] -> xpath: .//td[not(contains(@style,'none'))]], [[[[[[ChromeDriver: chrome on windows (c4e9664bb6f738394b47e4d0efa03c2b)] -> xpath: //table[contains(@class,'table')]]] -> xpath: .//tr[contains(.,'johndoe5139')]]] -> xpath: .//td[not(contains(@style,'none'))]]] (tried for 15 second(s) with 500 milliseconds interval)\nBuild info: version: '4.29.0', revision: '5fc1ec94cb'\nSystem info: os.name: 'Windows 11', os.arch: 'amd64', os.version: '10.0', java.version: '23.0.2'\nDriver info: org.openqa.selenium.chrome.ChromeDriver\nCapabilities {acceptInsecureCerts: false, browserName: chrome, browserVersion: 134.0.6998.165, chrome: {chromedriverVersion: 134.0.6998.165 (fd886e2cb29..., userDataDir: C:\\Users\\tumel\\AppData\\Loca...}, fedcm:accounts: true, goog:chromeOptions: {debuggerAddress: localhost:51997}, networkConnectionEnabled: false, pageLoadStrategy: normal, platformName: windows, proxy: Proxy(), se:cdp: ws://localhost:51997/devtoo..., se:cdpVersion: 134.0.6998.165, setWindowRect: true, strictFileInteractability: false, timeouts: {implicit: 0, pageLoad: 300000, script: 30000}, unhandledPromptBehavior: dismiss and notify, webauthn:extension:credBlob: true, webauthn:extension:largeBlob: true, webauthn:extension:minPinLength: true, webauthn:extension:prf: true, webauthn:virtualAuthenticators: true}\nSession ID: c4e9664bb6f738394b47e4d0efa03c2b\r\n\tat org.openqa.selenium.support.ui.WebDriverWait.timeoutException(WebDriverWait.java:84)\r\n\tat org.openqa.selenium.support.ui.FluentWait.until(FluentWait.java:228)\r\n\tat com.demo.java.StepDefinition.DemoSteps.validate_the_entered_data_appears_correctly_in_the_table(DemoSteps.java:188)\r\n\tat ✽.Validate the entered data appears correctly in the table(file:///C:/Users/tumel/Documents/demo/src/test/java/com/demo/resources/Feature/Demo.feature:19)\r\n"},"stage":"finished","steps":[],"attachments":[],"parameters":[],"start":1743170196748,"stop":1743170212501},{"name":"Then The page title should be \"Protractor practice website - WebTables\"","status":"skipped","statusDetails":{"known":false,"muted":false,"flaky":false},"stage":"finished","steps":[],"attachments":[],"parameters":[],"start":1743170212516,"stop":1743170212516},{"name":"And Close browser","status":"skipped","statusDetails":{"known":false,"muted":false,"flaky":false},"stage":"finished","steps":[],"attachments":[],"parameters":[],"start":1743170212516,"stop":1743170212516}],"attachments":[],"parameters":[{"name":"browser","value":"chrome"},{"name":"url","value":"http://www.way2automation.com/angularjs-protractor/webtables/"},{"name":"first_name","value":"John"},{"name":"last_name","value":"Doe"},{"name":"username","value":"johndoe"},{"name":"password","value":"Test123!"},{"name":"company","value":"Company AAA"},{"name":"role","value":"Customer"},{"name":"email","value":"john.doe@test.com"},{"name":"phone","value":"1234567890"},{"name":"expected_title","value":"Protractor practice website - WebTables"}],"start":1743170162429,"stop":1743170212993}