{"uuid":"ffbd198b-f317-414f-8298-008d8ee5fb11","historyId":"abe8a1ebe1cab5b24e7f11f46c338ff","testCaseId":"ecdcc0779a5e7cdf53ea482600c77779","fullName":"src/test/java/com/demo/resources/Feature/Demo.feature:26","labels":[{"name":"tag","value":"CreateProfile"},{"name":"host","value":"Rockerfeller"},{"name":"thread","value":"3556@Rockerfeller.main(1)"},{"name":"feature","value":"User Profile Creation"},{"name":"story","value":"Create user profile with different data combinations"},{"name":"suite","value":"User Profile Creation"},{"name":"testClass","value":"Create user profile with different data combinations"},{"name":"framework","value":"cucumber4jvm"},{"name":"language","value":"java"},{"name":"gherkin_uri","value":"file:///C:/Users/tumel/Documents/demo/src/test/java/com/demo/resources/Feature/Demo.feature"},{"name":"package","value":"src.test.java.com.demo.resources.Feature.Demo_feature.User Profile Creation"}],"links":[],"name":"Create user profile with different data combinations","status":"broken","statusDetails":{"known":false,"muted":false,"flaky":false,"message":"Expected condition failed: waiting for visibility of all [[[[[[[ChromeDriver: chrome on windows (86d455ed63c51b52531c4c3a0873ace8)] -> xpath: //table[contains(@class,'table')]]] -> xpath: .//tr[contains(.,'janesmith3966')]]] -> xpath: .//td[not(contains(@style,'none'))]], [[[[[[ChromeDriver: chrome on windows (86d455ed63c51b52531c4c3a0873ace8)] -> xpath: //table[contains(@class,'table')]]] -> xpath: .//tr[contains(.,'janesmith3966')]]] -> xpath: .//td[not(contains(@style,'none'))]], [[[[[[ChromeDriver: chrome on windows (86d455ed63c51b52531c4c3a0873ace8)] -> xpath: //table[contains(@class,'table')]]] -> xpath: .//tr[contains(.,'janesmith3966')]]] -> xpath: .//td[not(contains(@style,'none'))]], [[[[[[ChromeDriver: chrome on windows (86d455ed63c51b52531c4c3a0873ace8)] -> xpath: //table[contains(@class,'table')]]] -> xpath: .//tr[contains(.,'janesmith3966')]]] -> xpath: .//td[not(contains(@style,'none'))]], [[[[[[ChromeDriver: chrome on windows (86d455ed63c51b52531c4c3a0873ace8)] -> xpath: //table[contains(@class,'table')]]] -> xpath: .//tr[contains(.,'janesmith3966')]]] -> xpath: .//td[not(contains(@style,'none'))]], [[[[[[ChromeDriver: chrome on windows (86d455ed63c51b52531c4c3a0873ace8)] -> xpath: //table[contains(@class,'table')]]] -> xpath: .//tr[contains(.,'janesmith3966')]]] -> xpath: .//td[not(contains(@style,'none'))]], [[[[[[ChromeDriver: chrome on windows (86d455ed63c51b52531c4c3a0873ace8)] -> xpath: //table[contains(@class,'table')]]] -> xpath: .//tr[contains(.,'janesmith3966')]]] -> xpath: .//td[not(contains(@style,'none'))]], [[[[[[ChromeDriver: chrome on windows (86d455ed63c51b52531c4c3a0873ace8)] -> xpath: //table[contains(@class,'table')]]] -> xpath: .//tr[contains(.,'janesmith3966')]]] -> xpath: .//td[not(contains(@style,'none'))]], [[[[[[ChromeDriver: chrome on windows (86d455ed63c51b52531c4c3a0873ace8)] -> xpath: //table[contains(@class,'table')]]] -> xpath: .//tr[contains(.,'janesmith3966')]]] -> xpath: .//td[not(contains(@style,'none'))]], [[[[[[ChromeDriver: chrome on windows (86d455ed63c51b52531c4c3a0873ace8)] -> xpath: //table[contains(@class,'table')]]] -> xpath: .//tr[contains(.,'janesmith3966')]]] -> xpath: .//td[not(contains(@style,'none'))]], [[[[[[ChromeDriver: chrome on windows (86d455ed63c51b52531c4c3a0873ace8)] -> xpath: //table[contains(@class,'table')]]] -> xpath: .//tr[contains(.,'janesmith3966')]]] -> xpath: .//td[not(contains(@style,'none'))]]] (tried for 15 second(s) with 500 milliseconds interval)\nBuild info: version: '4.29.0', revision: '5fc1ec94cb'\nSystem info: os.name: 'Windows 11', os.arch: 'amd64', os.version: '10.0', java.version: '23.0.2'\nDriver info: org.openqa.selenium.chrome.ChromeDriver\nCapabilities {acceptInsecureCerts: false, browserName: chrome, browserVersion: 134.0.6998.165, chrome: {chromedriverVersion: 134.0.6998.165 (fd886e2cb29..., userDataDir: C:\\Users\\tumel\\AppData\\Loca...}, fedcm:accounts: true, goog:chromeOptions: {debuggerAddress: localhost:52099}, networkConnectionEnabled: false, pageLoadStrategy: normal, platformName: windows, proxy: Proxy(), se:cdp: ws://localhost:52099/devtoo..., se:cdpVersion: 134.0.6998.165, setWindowRect: true, strictFileInteractability: false, timeouts: {implicit: 0, pageLoad: 300000, script: 30000}, unhandledPromptBehavior: dismiss and notify, webauthn:extension:credBlob: true, webauthn:extension:largeBlob: true, webauthn:extension:minPinLength: true, webauthn:extension:prf: true, webauthn:virtualAuthenticators: true}\nSession ID: 86d455ed63c51b52531c4c3a0873ace8","trace":"org.openqa.selenium.TimeoutException: Expected condition failed: waiting for visibility of all [[[[[[[ChromeDriver: chrome on windows (86d455ed63c51b52531c4c3a0873ace8)] -> xpath: //table[contains(@class,'table')]]] -> xpath: .//tr[contains(.,'janesmith3966')]]] -> xpath: .//td[not(contains(@style,'none'))]], [[[[[[ChromeDriver: chrome on windows (86d455ed63c51b52531c4c3a0873ace8)] -> xpath: //table[contains(@class,'table')]]] -> xpath: .//tr[contains(.,'janesmith3966')]]] -> xpath: .//td[not(contains(@style,'none'))]], [[[[[[ChromeDriver: chrome on windows (86d455ed63c51b52531c4c3a0873ace8)] -> xpath: //table[contains(@class,'table')]]] -> xpath: .//tr[contains(.,'janesmith3966')]]] -> xpath: .//td[not(contains(@style,'none'))]], [[[[[[ChromeDriver: chrome on windows (86d455ed63c51b52531c4c3a0873ace8)] -> xpath: //table[contains(@class,'table')]]] -> xpath: .//tr[contains(.,'janesmith3966')]]] -> xpath: .//td[not(contains(@style,'none'))]], [[[[[[ChromeDriver: chrome on windows (86d455ed63c51b52531c4c3a0873ace8)] -> xpath: //table[contains(@class,'table')]]] -> xpath: .//tr[contains(.,'janesmith3966')]]] -> xpath: .//td[not(contains(@style,'none'))]], [[[[[[ChromeDriver: chrome on windows (86d455ed63c51b52531c4c3a0873ace8)] -> xpath: //table[contains(@class,'table')]]] -> xpath: .//tr[contains(.,'janesmith3966')]]] -> xpath: .//td[not(contains(@style,'none'))]], [[[[[[ChromeDriver: chrome on windows (86d455ed63c51b52531c4c3a0873ace8)] -> xpath: //table[contains(@class,'table')]]] -> xpath: .//tr[contains(.,'janesmith3966')]]] -> xpath: .//td[not(contains(@style,'none'))]], [[[[[[ChromeDriver: chrome on windows (86d455ed63c51b52531c4c3a0873ace8)] -> xpath: //table[contains(@class,'table')]]] -> xpath: .//tr[contains(.,'janesmith3966')]]] -> xpath: .//td[not(contains(@style,'none'))]], [[[[[[ChromeDriver: chrome on windows (86d455ed63c51b52531c4c3a0873ace8)] -> xpath: //table[contains(@class,'table')]]] -> xpath: .//tr[contains(.,'janesmith3966')]]] -> xpath: .//td[not(contains(@style,'none'))]], [[[[[[ChromeDriver: chrome on windows (86d455ed63c51b52531c4c3a0873ace8)] -> xpath: //table[contains(@class,'table')]]] -> xpath: .//tr[contains(.,'janesmith3966')]]] -> xpath: .//td[not(contains(@style,'none'))]], [[[[[[ChromeDriver: chrome on windows (86d455ed63c51b52531c4c3a0873ace8)] -> xpath: //table[contains(@class,'table')]]] -> xpath: .//tr[contains(.,'janesmith3966')]]] -> xpath: .//td[not(contains(@style,'none'))]]] (tried for 15 second(s) with 500 milliseconds interval)\nBuild info: version: '4.29.0', revision: '5fc1ec94cb'\nSystem info: os.name: 'Windows 11', os.arch: 'amd64', os.version: '10.0', java.version: '23.0.2'\nDriver info: org.openqa.selenium.chrome.ChromeDriver\nCapabilities {acceptInsecureCerts: false, browserName: chrome, browserVersion: 134.0.6998.165, chrome: {chromedriverVersion: 134.0.6998.165 (fd886e2cb29..., userDataDir: C:\\Users\\tumel\\AppData\\Loca...}, fedcm:accounts: true, goog:chromeOptions: {debuggerAddress: localhost:52099}, networkConnectionEnabled: false, pageLoadStrategy: normal, platformName: windows, proxy: Proxy(), se:cdp: ws://localhost:52099/devtoo..., se:cdpVersion: 134.0.6998.165, setWindowRect: true, strictFileInteractability: false, timeouts: {implicit: 0, pageLoad: 300000, script: 30000}, unhandledPromptBehavior: dismiss and notify, webauthn:extension:credBlob: true, webauthn:extension:largeBlob: true, webauthn:extension:minPinLength: true, webauthn:extension:prf: true, webauthn:virtualAuthenticators: true}\nSession ID: 86d455ed63c51b52531c4c3a0873ace8\r\n\tat org.openqa.selenium.support.ui.WebDriverWait.timeoutException(WebDriverWait.java:84)\r\n\tat org.openqa.selenium.support.ui.FluentWait.until(FluentWait.java:228)\r\n\tat com.demo.java.StepDefinition.DemoSteps.validate_the_entered_data_appears_correctly_in_the_table(DemoSteps.java:188)\r\n\tat ✽.Validate the entered data appears correctly in the table(file:///C:/Users/tumel/Documents/demo/src/test/java/com/demo/resources/Feature/Demo.feature:19)\r\n"},"stage":"finished","steps":[{"name":"Given User launches \"chrome\" browser","status":"passed","statusDetails":{"known":false,"muted":false,"flaky":false},"stage":"finished","steps":[],"attachments":[],"parameters":[],"start":1743170214686,"stop":1743170216174},{"name":"When User opens URL \"http://www.way2automation.com/angularjs-protractor/webtables/\"","status":"passed","statusDetails":{"known":false,"muted":false,"flaky":false},"stage":"finished","steps":[],"attachments":[{"name":"Landing Page","source":"52e39307-9085-4a7e-ab48-8707e4a29527-attachment"}],"parameters":[],"start":1743170216174,"stop":1743170232310},{"name":"And User clicks on the Add user button","status":"passed","statusDetails":{"known":false,"muted":false,"flaky":false},"stage":"finished","steps":[],"attachments":[],"parameters":[],"start":1743170232311,"stop":1743170232485},{"name":"And User enters profile details:","status":"passed","statusDetails":{"known":false,"muted":false,"flaky":false},"stage":"finished","steps":[],"attachments":[{"name":"Data table","source":"dda9c46c-840f-44c7-b435-f117995f9982-attachment.csv","type":"text/tab-separated-values"}],"parameters":[],"start":1743170232485,"stop":1743170234153},{"name":"And User selects \"Company BBB\" as company","status":"passed","statusDetails":{"known":false,"muted":false,"flaky":false},"stage":"finished","steps":[],"attachments":[],"parameters":[],"start":1743170234153,"stop":1743170234333},{"name":"And User selects \"Admin\" as role","status":"passed","statusDetails":{"known":false,"muted":false,"flaky":false},"stage":"finished","steps":[],"attachments":[],"parameters":[],"start":1743170234333,"stop":1743170234557},{"name":"And Click the save button","status":"passed","statusDetails":{"known":false,"muted":false,"flaky":false},"stage":"finished","steps":[],"attachments":[],"parameters":[],"start":1743170234557,"stop":1743170234752},{"name":"And Validate the entered data appears correctly in the table","status":"broken","statusDetails":{"known":false,"muted":false,"flaky":false,"message":"Expected condition failed: waiting for visibility of all [[[[[[[ChromeDriver: chrome on windows (86d455ed63c51b52531c4c3a0873ace8)] -> xpath: //table[contains(@class,'table')]]] -> xpath: .//tr[contains(.,'janesmith3966')]]] -> xpath: .//td[not(contains(@style,'none'))]], [[[[[[ChromeDriver: chrome on windows (86d455ed63c51b52531c4c3a0873ace8)] -> xpath: //table[contains(@class,'table')]]] -> xpath: .//tr[contains(.,'janesmith3966')]]] -> xpath: .//td[not(contains(@style,'none'))]], [[[[[[ChromeDriver: chrome on windows (86d455ed63c51b52531c4c3a0873ace8)] -> xpath: //table[contains(@class,'table')]]] -> xpath: .//tr[contains(.,'janesmith3966')]]] -> xpath: .//td[not(contains(@style,'none'))]], [[[[[[ChromeDriver: chrome on windows (86d455ed63c51b52531c4c3a0873ace8)] -> xpath: //table[contains(@class,'table')]]] -> xpath: .//tr[contains(.,'janesmith3966')]]] -> xpath: .//td[not(contains(@style,'none'))]], [[[[[[ChromeDriver: chrome on windows (86d455ed63c51b52531c4c3a0873ace8)] -> xpath: //table[contains(@class,'table')]]] -> xpath: .//tr[contains(.,'janesmith3966')]]] -> xpath: .//td[not(contains(@style,'none'))]], [[[[[[ChromeDriver: chrome on windows (86d455ed63c51b52531c4c3a0873ace8)] -> xpath: //table[contains(@class,'table')]]] -> xpath: .//tr[contains(.,'janesmith3966')]]] -> xpath: .//td[not(contains(@style,'none'))]], [[[[[[ChromeDriver: chrome on windows (86d455ed63c51b52531c4c3a0873ace8)] -> xpath: //table[contains(@class,'table')]]] -> xpath: .//tr[contains(.,'janesmith3966')]]] -> xpath: .//td[not(contains(@style,'none'))]], [[[[[[ChromeDriver: chrome on windows (86d455ed63c51b52531c4c3a0873ace8)] -> xpath: //table[contains(@class,'table')]]] -> xpath: .//tr[contains(.,'janesmith3966')]]] -> xpath: .//td[not(contains(@style,'none'))]], [[[[[[ChromeDriver: chrome on windows (86d455ed63c51b52531c4c3a0873ace8)] -> xpath: //table[contains(@class,'table')]]] -> xpath: .//tr[contains(.,'janesmith3966')]]] -> xpath: .//td[not(contains(@style,'none'))]], [[[[[[ChromeDriver: chrome on windows (86d455ed63c51b52531c4c3a0873ace8)] -> xpath: //table[contains(@class,'table')]]] -> xpath: .//tr[contains(.,'janesmith3966')]]] -> xpath: .//td[not(contains(@style,'none'))]], [[[[[[ChromeDriver: chrome on windows (86d455ed63c51b52531c4c3a0873ace8)] -> xpath: //table[contains(@class,'table')]]] -> xpath: .//tr[contains(.,'janesmith3966')]]] -> xpath: .//td[not(contains(@style,'none'))]]] (tried for 15 second(s) with 500 milliseconds interval)\nBuild info: version: '4.29.0', revision: '5fc1ec94cb'\nSystem info: os.name: 'Windows 11', os.arch: 'amd64', os.version: '10.0', java.version: '23.0.2'\nDriver info: org.openqa.selenium.chrome.ChromeDriver\nCapabilities {acceptInsecureCerts: false, browserName: chrome, browserVersion: 134.0.6998.165, chrome: {chromedriverVersion: 134.0.6998.165 (fd886e2cb29..., userDataDir: C:\\Users\\tumel\\AppData\\Loca...}, fedcm:accounts: true, goog:chromeOptions: {debuggerAddress: localhost:52099}, networkConnectionEnabled: false, pageLoadStrategy: normal, platformName: windows, proxy: Proxy(), se:cdp: ws://localhost:52099/devtoo..., se:cdpVersion: 134.0.6998.165, setWindowRect: true, strictFileInteractability: false, timeouts: {implicit: 0, pageLoad: 300000, script: 30000}, unhandledPromptBehavior: dismiss and notify, webauthn:extension:credBlob: true, webauthn:extension:largeBlob: true, webauthn:extension:minPinLength: true, webauthn:extension:prf: true, webauthn:virtualAuthenticators: true}\nSession ID: 86d455ed63c51b52531c4c3a0873ace8","trace":"org.openqa.selenium.TimeoutException: Expected condition failed: waiting for visibility of all [[[[[[[ChromeDriver: chrome on windows (86d455ed63c51b52531c4c3a0873ace8)] -> xpath: //table[contains(@class,'table')]]] -> xpath: .//tr[contains(.,'janesmith3966')]]] -> xpath: .//td[not(contains(@style,'none'))]], [[[[[[ChromeDriver: chrome on windows (86d455ed63c51b52531c4c3a0873ace8)] -> xpath: //table[contains(@class,'table')]]] -> xpath: .//tr[contains(.,'janesmith3966')]]] -> xpath: .//td[not(contains(@style,'none'))]], [[[[[[ChromeDriver: chrome on windows (86d455ed63c51b52531c4c3a0873ace8)] -> xpath: //table[contains(@class,'table')]]] -> xpath: .//tr[contains(.,'janesmith3966')]]] -> xpath: .//td[not(contains(@style,'none'))]], [[[[[[ChromeDriver: chrome on windows (86d455ed63c51b52531c4c3a0873ace8)] -> xpath: //table[contains(@class,'table')]]] -> xpath: .//tr[contains(.,'janesmith3966')]]] -> xpath: .//td[not(contains(@style,'none'))]], [[[[[[ChromeDriver: chrome on windows (86d455ed63c51b52531c4c3a0873ace8)] -> xpath: //table[contains(@class,'table')]]] -> xpath: .//tr[contains(.,'janesmith3966')]]] -> xpath: .//td[not(contains(@style,'none'))]], [[[[[[ChromeDriver: chrome on windows (86d455ed63c51b52531c4c3a0873ace8)] -> xpath: //table[contains(@class,'table')]]] -> xpath: .//tr[contains(.,'janesmith3966')]]] -> xpath: .//td[not(contains(@style,'none'))]], [[[[[[ChromeDriver: chrome on windows (86d455ed63c51b52531c4c3a0873ace8)] -> xpath: //table[contains(@class,'table')]]] -> xpath: .//tr[contains(.,'janesmith3966')]]] -> xpath: .//td[not(contains(@style,'none'))]], [[[[[[ChromeDriver: chrome on windows (86d455ed63c51b52531c4c3a0873ace8)] -> xpath: //table[contains(@class,'table')]]] -> xpath: .//tr[contains(.,'janesmith3966')]]] -> xpath: .//td[not(contains(@style,'none'))]], [[[[[[ChromeDriver: chrome on windows (86d455ed63c51b52531c4c3a0873ace8)] -> xpath: //table[contains(@class,'table')]]] -> xpath: .//tr[contains(.,'janesmith3966')]]] -> xpath: .//td[not(contains(@style,'none'))]], [[[[[[ChromeDriver: chrome on windows (86d455ed63c51b52531c4c3a0873ace8)] -> xpath: //table[contains(@class,'table')]]] -> xpath: .//tr[contains(.,'janesmith3966')]]] -> xpath: .//td[not(contains(@style,'none'))]], [[[[[[ChromeDriver: chrome on windows (86d455ed63c51b52531c4c3a0873ace8)] -> xpath: //table[contains(@class,'table')]]] -> xpath: .//tr[contains(.,'janesmith3966')]]] -> xpath: .//td[not(contains(@style,'none'))]]] (tried for 15 second(s) with 500 milliseconds interval)\nBuild info: version: '4.29.0', revision: '5fc1ec94cb'\nSystem info: os.name: 'Windows 11', os.arch: 'amd64', os.version: '10.0', java.version: '23.0.2'\nDriver info: org.openqa.selenium.chrome.ChromeDriver\nCapabilities {acceptInsecureCerts: false, browserName: chrome, browserVersion: 134.0.6998.165, chrome: {chromedriverVersion: 134.0.6998.165 (fd886e2cb29..., userDataDir: C:\\Users\\tumel\\AppData\\Loca...}, fedcm:accounts: true, goog:chromeOptions: {debuggerAddress: localhost:52099}, networkConnectionEnabled: false, pageLoadStrategy: normal, platformName: windows, proxy: Proxy(), se:cdp: ws://localhost:52099/devtoo..., se:cdpVersion: 134.0.6998.165, setWindowRect: true, strictFileInteractability: false, timeouts: {implicit: 0, pageLoad: 300000, script: 30000}, unhandledPromptBehavior: dismiss and notify, webauthn:extension:credBlob: true, webauthn:extension:largeBlob: true, webauthn:extension:minPinLength: true, webauthn:extension:prf: true, webauthn:virtualAuthenticators: true}\nSession ID: 86d455ed63c51b52531c4c3a0873ace8\r\n\tat org.openqa.selenium.support.ui.WebDriverWait.timeoutException(WebDriverWait.java:84)\r\n\tat org.openqa.selenium.support.ui.FluentWait.until(FluentWait.java:228)\r\n\tat com.demo.java.StepDefinition.DemoSteps.validate_the_entered_data_appears_correctly_in_the_table(DemoSteps.java:188)\r\n\tat ✽.Validate the entered data appears correctly in the table(file:///C:/Users/tumel/Documents/demo/src/test/java/com/demo/resources/Feature/Demo.feature:19)\r\n"},"stage":"finished","steps":[],"attachments":[],"parameters":[],"start":1743170234752,"stop":1743170250540},{"name":"Then The page title should be \"Protractor practice website - WebTables\"","status":"skipped","statusDetails":{"known":false,"muted":false,"flaky":false},"stage":"finished","steps":[],"attachments":[],"parameters":[],"start":1743170250540,"stop":1743170250540},{"name":"And Close browser","status":"skipped","statusDetails":{"known":false,"muted":false,"flaky":false},"stage":"finished","steps":[],"attachments":[],"parameters":[],"start":1743170250540,"stop":1743170250540}],"attachments":[],"parameters":[{"name":"browser","value":"chrome"},{"name":"url","value":"http://www.way2automation.com/angularjs-protractor/webtables/"},{"name":"first_name","value":"Jane"},{"name":"last_name","value":"Smith"},{"name":"username","value":"janesmith"},{"name":"password","value":"Secure1!"},{"name":"company","value":"Company BBB"},{"name":"role","value":"Admin"},{"name":"email","value":"jane.smith@test.com"},{"name":"phone","value":"9876543210"},{"name":"expected_title","value":"Protractor practice website - WebTables"}],"start":1743170213245,"stop":1743170250891}